c:\cybermetro-\jogo\x64\debug\vc143.pdb
c:\cybermetro-\jogo\x64\debug\vc143.idb
c:\cybermetro-\jogo\x64\debug\plataforma.obj
c:\cybermetro-\jogo\x64\debug\personagem.obj
c:\cybermetro-\jogo\x64\debug\obstaculo.obj
c:\cybermetro-\jogo\x64\debug\menu.obj
c:\cybermetro-\jogo\x64\debug\main.obj
c:\cybermetro-\jogo\x64\debug\listaentidades.obj
c:\cybermetro-\jogo\x64\debug\jogo.obj
c:\cybermetro-\jogo\x64\debug\jogador.obj
c:\cybermetro-\jogo\x64\debug\inimigo.obj
c:\cybermetro-\jogo\x64\debug\gerenciador_grafico.obj
c:\cybermetro-\jogo\x64\debug\gerenciador_colisoes.obj
c:\cybermetro-\jogo\x64\debug\gelinho.obj
c:\cybermetro-\jogo\x64\debug\fasesegunda.obj
c:\cybermetro-\jogo\x64\debug\faseprimeira.obj
c:\cybermetro-\jogo\x64\debug\fase.obj
c:\cybermetro-\jogo\x64\debug\entidade.obj
c:\cybermetro-\jogo\x64\debug\ente.obj
c:\cybermetro-\jogo\x64\debug\choquinho.obj
c:\cybermetro-\jogo\x64\debug\chao.obj
c:\cybermetro-\jogo\x64\debug\robo_senior.obj
c:\cybermetro-\jogo\x64\debug\robo_junior.obj
c:\cybermetro-\jogo\x64\debug\robo_ceo.obj
c:\cybermetro-\jogo\x64\debug\projetil.obj
c:\cybermetro-\x64\debug\jogo.pdb
c:\cybermetro-\jogo\x64\debug\jogo.tlog\cl.command.1.tlog
c:\cybermetro-\jogo\x64\debug\jogo.tlog\cl.read.1.tlog
c:\cybermetro-\jogo\x64\debug\jogo.tlog\cl.write.1.tlog
c:\cybermetro-\jogo\x64\debug\jogo.tlog\link-cvtres.read.1.tlog
c:\cybermetro-\jogo\x64\debug\jogo.tlog\link-cvtres.write.1.tlog
c:\cybermetro-\jogo\x64\debug\jogo.tlog\link-rc.read.1.tlog
c:\cybermetro-\jogo\x64\debug\jogo.tlog\link-rc.write.1.tlog
c:\cybermetro-\jogo\x64\debug\jogo.tlog\link.command.1.tlog
c:\cybermetro-\jogo\x64\debug\jogo.tlog\link.read.1.tlog
c:\cybermetro-\jogo\x64\debug\jogo.tlog\link.read.2.tlog
c:\cybermetro-\jogo\x64\debug\jogo.tlog\link.write.1.tlog
